<?xml version="1.0" encoding="UTF-8"?>
<testsuite xmlns:xsi="http://www.w3.org/2001/XMLSchema-instance" xsi:noNamespaceSchemaLocation="https://maven.apache.org/surefire/maven-surefire-plugin/xsd/surefire-test-report-3.0.xsd" version="3.0" name="fr.mycellius.service.WikiServiceTest" time="0.013" tests="6" errors="0" skipped="0" failures="0">
  <properties>
[...]
</properties>
  <testcase name="createPage_refuse_doublon_id" classname="fr.mycellius.service.WikiServiceTest" time="0.004"/>
  <testcase name="getPageById_page_existante_ok" classname="fr.mycellius.service.WikiServiceTest" time="0.0"/>
  <testcase name="getPageById_page_inexistante_declenche_exception" classname="fr.mycellius.service.WikiServiceTest" time="0.0"/>
  <testcase name="searchByTitle_trouve_pages_correspondantes" classname="fr.mycellius.service.WikiServiceTest" time="0.002"/>
  <testcase name="searchByTitle_retourne_liste_vide_si_rien" classname="fr.mycellius.service.WikiServiceTest" time="0.001"/>
  <testcase name="createPage_nominal_cree_une_page" classname="fr.mycellius.service.WikiServiceTest" time="0.0"/>
</testsuite>